<?xml version="1.0" encoding="UTF-8"?>
<!-- Generated by org.testng.reporters.JUnitXMLReporter -->
<testsuite hostname="DESKTOP-E1GG69V" ignored="0" name="Test" tests="4" failures="0" timestamp="2022-03-22T15:42:31 IST" time="0.062" errors="0">
  <testcase name="RestAPITest1" time="0.006" classname="framework.RestAPITest"/>
  <testcase name="RestAPITest2" time="0.001" classname="framework.RestAPITest"/>
  <testcase name="SelTest1" time="0.0" classname="framework.SeleniumTest"/>
  <testcase name="SelTest2" time="0.0" classname="framework.SeleniumTest"/>
</testsuite> <!-- Test -->
