<?xml version="1.0" encoding="UTF-8"?>
<testng-results skipped="0" failed="0" ignored="0" total="4" passed="4">
  <reporter-output>
  </reporter-output>
  <suite name="Suite" duration-ms="62" started-at="2022-03-22T15:42:31 IST" finished-at="2022-03-22T15:42:31 IST">
    <groups>
    </groups>
    <test name="Test" duration-ms="62" started-at="2022-03-22T15:42:31 IST" finished-at="2022-03-22T15:42:31 IST">
      <class name="framework.RestAPITest">
        <test-method status="PASS" signature="RestAPITest1()[pri:0, instance:framework.RestAPITest@3a883ce7]" name="RestAPITest1" duration-ms="6" started-at="2022-03-22T15:42:31 IST" finished-at="2022-03-22T15:42:31 IST">
          <reporter-output>
          </reporter-output>
        </test-method> <!-- RestAPITest1 -->
        <test-method status="PASS" signature="RestAPITest2()[pri:0, instance:framework.RestAPITest@3a883ce7]" name="RestAPITest2" duration-ms="1" started-at="2022-03-22T15:42:31 IST" finished-at="2022-03-22T15:42:31 IST">
          <reporter-output>
          </reporter-output>
        </test-method> <!-- RestAPITest2 -->
      </class> <!-- framework.RestAPITest -->
      <class name="framework.SeleniumTest">
        <test-method status="PASS" signature="SelTest1()[pri:0, instance:framework.SeleniumTest@30b8a058]" name="SelTest1" duration-ms="0" started-at="2022-03-22T15:42:31 IST" finished-at="2022-03-22T15:42:31 IST">
          <reporter-output>
          </reporter-output>
        </test-method> <!-- SelTest1 -->
        <test-method status="PASS" signature="SelTest2()[pri:0, instance:framework.SeleniumTest@30b8a058]" name="SelTest2" duration-ms="0" started-at="2022-03-22T15:42:31 IST" finished-at="2022-03-22T15:42:31 IST">
          <reporter-output>
          </reporter-output>
        </test-method> <!-- SelTest2 -->
      </class> <!-- framework.SeleniumTest -->
    </test> <!-- Test -->
  </suite> <!-- Suite -->
</testng-results>
